
> manage-system@2.1.0 dev
> node build/dev-server.js

node:internal/modules/cjs/loader:1031
  throw err;
  ^

Error: Cannot find module 'chalk'
Require stack:
- /root/dissertation-manage-system/build/check-versions.js
- /root/dissertation-manage-system/build/dev-server.js
    at Function.Module._resolveFilename (node:internal/modules/cjs/loader:1028:15)
    at Function.Module._load (node:internal/modules/cjs/loader:873:27)
    at Module.require (node:internal/modules/cjs/loader:1100:19)
    at require (node:internal/modules/cjs/helpers:119:18)
    at Object.<anonymous> (/root/dissertation-manage-system/build/check-versions.js:1:13)
    at Module._compile (node:internal/modules/cjs/loader:1198:14)
    at Object.Module._extensions..js (node:internal/modules/cjs/loader:1252:10)
    at Module.load (node:internal/modules/cjs/loader:1076:32)
    at Function.Module._load (node:internal/modules/cjs/loader:911:12)
    at Module.require (node:internal/modules/cjs/loader:1100:19) {
  code: 'MODULE_NOT_FOUND',
  requireStack: [
    '/root/dissertation-manage-system/build/check-versions.js',
    '/root/dissertation-manage-system/build/dev-server.js'
  ]
}

> manage-system@2.1.0 dev
> node build/dev-server.js

[HPM] Proxy created: /api  ->  http://127.0.0.1:3000/api/
[HPM] Proxy rewrite rule created: "^/api" ~> ""

> manage-system@2.1.0 dev
> node build/dev-server.js

[HPM] Proxy created: /api  ->  http://127.0.0.1:3000/api/
[HPM] Proxy rewrite rule created: "^/api" ~> ""
node:events:491
      throw er; // Unhandled 'error' event
      ^

Error: listen EADDRINUSE: address already in use :::8086
    at Server.setupListenHandle [as _listen2] (node:net:1463:16)
    at listenInCluster (node:net:1511:12)
    at Server.listen (node:net:1599:7)
    at Function.listen (/root/dissertation-manage-system/node_modules/express/lib/application.js:618:24)
    at Object.<anonymous> (/root/dissertation-manage-system/build/dev-server.js:74:22)
    at Module._compile (node:internal/modules/cjs/loader:1198:14)
    at Object.Module._extensions..js (node:internal/modules/cjs/loader:1252:10)
    at Module.load (node:internal/modules/cjs/loader:1076:32)
    at Function.Module._load (node:internal/modules/cjs/loader:911:12)
    at Function.executeUserEntryPoint [as runMain] (node:internal/modules/run_main:81:12)
    at node:internal/main/run_main_module:22:47
Emitted 'error' event on Server instance at:
    at emitErrorNT (node:net:1490:8)
    at processTicksAndRejections (node:internal/process/task_queues:83:21) {
  code: 'EADDRINUSE',
  errno: -98,
  syscall: 'listen',
  address: '::',
  port: 8086
}

> manage-system@2.1.0 dev
> node build/dev-server.js

[HPM] Proxy created: /api  ->  http://127.0.0.1:3000/api/
[HPM] Proxy rewrite rule created: "^/api" ~> ""
 DONE  Compiled successfully in 5839ms20:13:48

> Listening at http://localhost:8086

npm ERR! path /root/dissertation-manage-system
npm ERR! command failed
npm ERR! signal SIGHUP
npm ERR! command sh -c -- node build/dev-server.js

npm ERR! A complete log of this run can be found in:
npm ERR!     /root/.npm/_logs/2024-12-11T12_13_41_582Z-debug-0.log
